Transferred 751/751 items from pretrained weights
New https://pypi.org/project/ultralytics/8.3.185 available 😃 Update with 'pip install -U ultralytics'
Ultralytics 8.3.170 🚀 Python-3.10.18 torch-2.6.0+cu126 CUDA:2 (NVIDIA TITAN RTX, 24026MiB)
[34m[1mengine/trainer: [0magnostic_nms=False, amp=True, augment=False, auto_augment=randaugment, batch=32, bgr=0.0, box=7.5, cache=False, cfg=None, classes=None, close_mosaic=10, cls=0.5, conf=None, copy_paste=0.0, copy_paste_mode=flip, cos_lr=False, cutmix=0.0, data=./wsod_nwpu.yaml, degrees=0.0, deterministic=True, device=2, dfl=1.5, dnn=False, dropout=0.0, dynamic=False, embed=None, epochs=100, erasing=0.4, exist_ok=True, fliplr=0.5, flipud=0.0, format=torchscript, fraction=1.0, freeze=None, half=False, hsv_h=0.015, hsv_s=0.7, hsv_v=0.4, imgsz=640, int8=False, iou=0.7, keras=False, kobj=1.0, line_width=None, lr0=0.01, lrf=0.01, mask_ratio=4, max_det=300, mixup=0.3, mode=train, model=yolo12m.yaml, momentum=0.937, mosaic=1.0, multi_scale=False, name=nwpuv12t70, nbs=64, nms=False, opset=None, optimize=False, optimizer=auto, overlap_mask=True, patience=100, perspective=0.0, plots=True, pose=12.0, pretrained=yolo12m.pt, profile=False, project=None, rect=False, resume=False, retina_masks=False, save=True, save_conf=False, save_crop=False, save_dir=/data2/ccu6/yolo/ultralytics/runs/detect/nwpuv12t70, save_frames=False, save_json=False, save_period=-1, save_txt=False, scale=0.5, seed=0, shear=0.0, show=False, show_boxes=True, show_conf=True, show_labels=True, simplify=True, single_cls=False, source=None, split=val, stream_buffer=False, task=detect, time=None, tracker=botsort.yaml, translate=0.1, val=True, verbose=True, vid_stride=1, visualize=False, warmup_bias_lr=0.1, warmup_epochs=3.0, warmup_momentum=0.8, weight_decay=0.0005, workers=8, workspace=None
Overriding model.yaml nc=80 with nc=11

                   from  n    params  module                                       arguments                     
  0                  -1  1      1856  ultralytics.nn.modules.conv.Conv             [3, 64, 3, 2]                 
  1                  -1  1     73984  ultralytics.nn.modules.conv.Conv             [64, 128, 3, 2]               
  2                  -1  1    111872  ultralytics.nn.modules.block.C3k2            [128, 256, 1, True, 0.25]     
  3                  -1  1    590336  ultralytics.nn.modules.conv.Conv             [256, 256, 3, 2]              
  4                  -1  1    444928  ultralytics.nn.modules.block.C3k2            [256, 512, 1, True, 0.25]     
  5                  -1  1   2360320  ultralytics.nn.modules.conv.Conv             [512, 512, 3, 2]              
  6                  -1  2   2689536  ultralytics.nn.modules.block.A2C2f           [512, 512, 2, True, 4]        
  7                  -1  1   2360320  ultralytics.nn.modules.conv.Conv             [512, 512, 3, 2]              
  8                  -1  2   2689536  ultralytics.nn.modules.block.A2C2f           [512, 512, 2, True, 1]        
  9                  -1  1         0  torch.nn.modules.upsampling.Upsample         [None, 2, 'nearest']          
 10             [-1, 6]  1         0  ultralytics.nn.modules.conv.Concat           [1]                           
 11                  -1  1   1248768  ultralytics.nn.modules.block.A2C2f           [1024, 512, 1, False, -1]     
 12                  -1  1         0  torch.nn.modules.upsampling.Upsample         [None, 2, 'nearest']          
 13             [-1, 4]  1         0  ultralytics.nn.modules.conv.Concat           [1]                           
 14                  -1  1    378624  ultralytics.nn.modules.block.A2C2f           [1024, 256, 1, False, -1]     
 15                  -1  1    590336  ultralytics.nn.modules.conv.Conv             [256, 256, 3, 2]              
 16            [-1, 11]  1         0  ultralytics.nn.modules.conv.Concat           [1]                           
 17                  -1  1   1183232  ultralytics.nn.modules.block.A2C2f           [768, 512, 1, False, -1]      
 18                  -1  1   2360320  ultralytics.nn.modules.conv.Conv             [512, 512, 3, 2]              
 19             [-1, 8]  1         0  ultralytics.nn.modules.conv.Concat           [1]                           
 20                  -1  1   1642496  ultralytics.nn.modules.block.C3k2            [1024, 512, 1, True]          
 21        [14, 17, 20]  1   1419505  ultralytics.nn.modules.head.Detect           [11, [256, 512, 512]]         
YOLO12m summary: 292 layers, 20,145,969 parameters, 20,145,953 gradients, 67.8 GFLOPs

Transferred 745/751 items from pretrained weights
Freezing layer 'model.21.dfl.conv.weight'
[34m[1mAMP: [0mrunning Automatic Mixed Precision (AMP) checks...
[34m[1mAMP: [0mchecks passed ✅
[34m[1mtrain: [0mFast image access ✅ (ping: 0.0±0.0 ms, read: 847.9±423.2 MB/s, size: 23.2 KB)
[34m[1mval: [0mFast image access ✅ (ping: 0.0±0.0 ms, read: 673.0±244.4 MB/s, size: 19.3 KB)
Plotting labels to /data2/ccu6/yolo/ultralytics/runs/detect/nwpuv12t70/labels.jpg... 
[34m[1moptimizer:[0m 'optimizer=auto' found, ignoring 'lr0=0.01' and 'momentum=0.937' and determining best 'optimizer', 'lr0' and 'momentum' automatically... 
[34m[1moptimizer:[0m SGD(lr=0.01, momentum=0.9) with parameter groups 123 weight(decay=0.0), 130 weight(decay=0.0005), 129 bias(decay=0.0)
Image sizes 640 train, 640 val
Using 8 dataloader workers
Logging results to [1m/data2/ccu6/yolo/ultralytics/runs/detect/nwpuv12t70[0m
Starting training for 100 epochs...

      Epoch    GPU_mem   box_loss   cls_loss   dfl_loss  Instances       Size
                   all        293        858      0.736      0.727      0.748      0.348

      Epoch    GPU_mem   box_loss   cls_loss   dfl_loss  Instances       Size
                   all        293        858       0.68      0.665      0.687      0.296

      Epoch    GPU_mem   box_loss   cls_loss   dfl_loss  Instances       Size
                   all        293        858      0.557      0.552      0.546      0.242

      Epoch    GPU_mem   box_loss   cls_loss   dfl_loss  Instances       Size
                   all        293        858      0.664      0.622      0.628      0.265

      Epoch    GPU_mem   box_loss   cls_loss   dfl_loss  Instances       Size
                   all        293        858      0.682      0.652      0.668       0.28

      Epoch    GPU_mem   box_loss   cls_loss   dfl_loss  Instances       Size
                   all        293        858       0.71      0.681      0.721      0.317

      Epoch    GPU_mem   box_loss   cls_loss   dfl_loss  Instances       Size
                   all        293        858      0.719      0.703      0.745      0.332

      Epoch    GPU_mem   box_loss   cls_loss   dfl_loss  Instances       Size
                   all        293        858      0.729      0.702      0.741      0.328

      Epoch    GPU_mem   box_loss   cls_loss   dfl_loss  Instances       Size
                   all        293        858      0.729      0.709      0.742       0.34

      Epoch    GPU_mem   box_loss   cls_loss   dfl_loss  Instances       Size
                   all        293        858       0.71      0.682      0.705      0.311

      Epoch    GPU_mem   box_loss   cls_loss   dfl_loss  Instances       Size
                   all        293        858       0.74      0.719      0.748      0.341

      Epoch    GPU_mem   box_loss   cls_loss   dfl_loss  Instances       Size
                   all        293        858        0.7      0.733      0.741      0.342

      Epoch    GPU_mem   box_loss   cls_loss   dfl_loss  Instances       Size
                   all        293        858      0.748      0.697      0.759       0.35

      Epoch    GPU_mem   box_loss   cls_loss   dfl_loss  Instances       Size
                   all        293        858       0.75      0.686       0.75      0.335

      Epoch    GPU_mem   box_loss   cls_loss   dfl_loss  Instances       Size
                   all        293        858      0.726      0.725      0.762      0.353

      Epoch    GPU_mem   box_loss   cls_loss   dfl_loss  Instances       Size
                   all        293        858      0.742      0.716      0.752      0.351

      Epoch    GPU_mem   box_loss   cls_loss   dfl_loss  Instances       Size
                   all        293        858      0.726      0.763      0.781      0.369

      Epoch    GPU_mem   box_loss   cls_loss   dfl_loss  Instances       Size
                   all        293        858      0.724      0.738       0.75      0.348

      Epoch    GPU_mem   box_loss   cls_loss   dfl_loss  Instances       Size
                   all        293        858      0.753      0.708      0.753      0.353

      Epoch    GPU_mem   box_loss   cls_loss   dfl_loss  Instances       Size
                   all        293        858      0.749       0.74      0.785      0.365

      Epoch    GPU_mem   box_loss   cls_loss   dfl_loss  Instances       Size
                   all        293        858       0.73      0.719      0.753      0.348

      Epoch    GPU_mem   box_loss   cls_loss   dfl_loss  Instances       Size
                   all        293        858      0.755      0.691      0.738      0.345

      Epoch    GPU_mem   box_loss   cls_loss   dfl_loss  Instances       Size
                   all        293        858      0.761      0.672       0.74      0.338

      Epoch    GPU_mem   box_loss   cls_loss   dfl_loss  Instances       Size
                   all        293        858      0.726      0.732      0.754      0.349

      Epoch    GPU_mem   box_loss   cls_loss   dfl_loss  Instances       Size
                   all        293        858      0.737      0.736      0.759      0.348

      Epoch    GPU_mem   box_loss   cls_loss   dfl_loss  Instances       Size
                   all        293        858       0.69      0.734       0.73      0.332

      Epoch    GPU_mem   box_loss   cls_loss   dfl_loss  Instances       Size
                   all        293        858      0.767      0.688      0.748      0.345

      Epoch    GPU_mem   box_loss   cls_loss   dfl_loss  Instances       Size
                   all        293        858      0.723      0.755      0.761      0.345

      Epoch    GPU_mem   box_loss   cls_loss   dfl_loss  Instances       Size
                   all        293        858      0.758      0.705      0.764      0.353

      Epoch    GPU_mem   box_loss   cls_loss   dfl_loss  Instances       Size
                   all        293        858      0.736      0.715      0.741      0.337

      Epoch    GPU_mem   box_loss   cls_loss   dfl_loss  Instances       Size
                   all        293        858      0.741      0.712      0.753      0.349

      Epoch    GPU_mem   box_loss   cls_loss   dfl_loss  Instances       Size
                   all        293        858      0.734      0.711      0.742      0.349

      Epoch    GPU_mem   box_loss   cls_loss   dfl_loss  Instances       Size
                   all        293        858      0.726      0.735      0.757      0.348

      Epoch    GPU_mem   box_loss   cls_loss   dfl_loss  Instances       Size
                   all        293        858      0.758      0.716      0.762      0.353

      Epoch    GPU_mem   box_loss   cls_loss   dfl_loss  Instances       Size
                   all        293        858      0.738      0.704      0.738      0.343

      Epoch    GPU_mem   box_loss   cls_loss   dfl_loss  Instances       Size
                   all        293        858      0.761      0.735      0.777      0.359

      Epoch    GPU_mem   box_loss   cls_loss   dfl_loss  Instances       Size
                   all        293        858      0.732      0.744      0.756      0.348

      Epoch    GPU_mem   box_loss   cls_loss   dfl_loss  Instances       Size
                   all        293        858      0.761      0.709      0.756      0.357

      Epoch    GPU_mem   box_loss   cls_loss   dfl_loss  Instances       Size
                   all        293        858      0.755      0.711      0.763      0.355

      Epoch    GPU_mem   box_loss   cls_loss   dfl_loss  Instances       Size
                   all        293        858      0.746      0.741      0.762      0.357

      Epoch    GPU_mem   box_loss   cls_loss   dfl_loss  Instances       Size
                   all        293        858      0.751      0.723      0.756      0.353

      Epoch    GPU_mem   box_loss   cls_loss   dfl_loss  Instances       Size
                   all        293        858      0.726      0.732      0.752      0.349

      Epoch    GPU_mem   box_loss   cls_loss   dfl_loss  Instances       Size
                   all        293        858      0.766      0.695      0.752      0.348

      Epoch    GPU_mem   box_loss   cls_loss   dfl_loss  Instances       Size
                   all        293        858      0.758      0.729      0.765       0.36

      Epoch    GPU_mem   box_loss   cls_loss   dfl_loss  Instances       Size
                   all        293        858      0.761      0.705      0.762      0.353

      Epoch    GPU_mem   box_loss   cls_loss   dfl_loss  Instances       Size
                   all        293        858      0.742        0.7       0.75      0.349

      Epoch    GPU_mem   box_loss   cls_loss   dfl_loss  Instances       Size
                   all        293        858      0.747      0.727      0.761      0.359

      Epoch    GPU_mem   box_loss   cls_loss   dfl_loss  Instances       Size
                   all        293        858      0.758      0.743      0.766      0.356

      Epoch    GPU_mem   box_loss   cls_loss   dfl_loss  Instances       Size
                   all        293        858      0.748      0.741      0.771      0.357

      Epoch    GPU_mem   box_loss   cls_loss   dfl_loss  Instances       Size
                   all        293        858      0.773      0.692      0.758      0.353

      Epoch    GPU_mem   box_loss   cls_loss   dfl_loss  Instances       Size
                   all        293        858      0.755      0.708       0.75      0.349

      Epoch    GPU_mem   box_loss   cls_loss   dfl_loss  Instances       Size
                   all        293        858      0.729      0.718      0.751      0.351

      Epoch    GPU_mem   box_loss   cls_loss   dfl_loss  Instances       Size
                   all        293        858      0.732      0.738      0.758      0.352

      Epoch    GPU_mem   box_loss   cls_loss   dfl_loss  Instances       Size
                   all        293        858      0.749      0.708      0.755      0.348

      Epoch    GPU_mem   box_loss   cls_loss   dfl_loss  Instances       Size
                   all        293        858      0.774      0.708      0.755      0.355

      Epoch    GPU_mem   box_loss   cls_loss   dfl_loss  Instances       Size
                   all        293        858      0.758      0.717       0.76      0.355

      Epoch    GPU_mem   box_loss   cls_loss   dfl_loss  Instances       Size
                   all        293        858      0.752      0.712      0.753      0.347

      Epoch    GPU_mem   box_loss   cls_loss   dfl_loss  Instances       Size
                   all        293        858      0.764      0.706      0.753      0.349

      Epoch    GPU_mem   box_loss   cls_loss   dfl_loss  Instances       Size
                   all        293        858      0.762      0.708      0.765      0.359

      Epoch    GPU_mem   box_loss   cls_loss   dfl_loss  Instances       Size
                   all        293        858      0.745      0.724      0.758      0.362

      Epoch    GPU_mem   box_loss   cls_loss   dfl_loss  Instances       Size
                   all        293        858      0.739      0.723      0.754      0.354

      Epoch    GPU_mem   box_loss   cls_loss   dfl_loss  Instances       Size
                   all        293        858      0.739      0.726      0.759      0.358

      Epoch    GPU_mem   box_loss   cls_loss   dfl_loss  Instances       Size
                   all        293        858      0.727      0.732      0.753      0.356

      Epoch    GPU_mem   box_loss   cls_loss   dfl_loss  Instances       Size
                   all        293        858      0.739      0.723      0.746      0.353

      Epoch    GPU_mem   box_loss   cls_loss   dfl_loss  Instances       Size
                   all        293        858      0.735      0.732      0.748      0.349

      Epoch    GPU_mem   box_loss   cls_loss   dfl_loss  Instances       Size
                   all        293        858      0.778      0.699      0.759      0.354

      Epoch    GPU_mem   box_loss   cls_loss   dfl_loss  Instances       Size
                   all        293        858      0.745      0.725      0.764      0.358

      Epoch    GPU_mem   box_loss   cls_loss   dfl_loss  Instances       Size
                   all        293        858       0.76      0.705      0.752      0.352

      Epoch    GPU_mem   box_loss   cls_loss   dfl_loss  Instances       Size
                   all        293        858      0.742      0.723      0.754      0.348

      Epoch    GPU_mem   box_loss   cls_loss   dfl_loss  Instances       Size
                   all        293        858      0.725      0.742      0.757      0.357

      Epoch    GPU_mem   box_loss   cls_loss   dfl_loss  Instances       Size
                   all        293        858      0.742      0.735      0.767       0.36

      Epoch    GPU_mem   box_loss   cls_loss   dfl_loss  Instances       Size
                   all        293        858      0.746      0.744      0.766      0.357

      Epoch    GPU_mem   box_loss   cls_loss   dfl_loss  Instances       Size
                   all        293        858       0.75       0.73      0.759      0.356

      Epoch    GPU_mem   box_loss   cls_loss   dfl_loss  Instances       Size
                   all        293        858      0.737      0.746      0.766       0.36

      Epoch    GPU_mem   box_loss   cls_loss   dfl_loss  Instances       Size
                   all        293        858      0.745      0.736      0.764      0.357

      Epoch    GPU_mem   box_loss   cls_loss   dfl_loss  Instances       Size
                   all        293        858      0.747      0.729      0.761      0.353

      Epoch    GPU_mem   box_loss   cls_loss   dfl_loss  Instances       Size
                   all        293        858      0.744      0.732      0.762      0.357

      Epoch    GPU_mem   box_loss   cls_loss   dfl_loss  Instances       Size
                   all        293        858      0.741      0.734       0.76      0.356

      Epoch    GPU_mem   box_loss   cls_loss   dfl_loss  Instances       Size
                   all        293        858      0.768      0.702       0.75      0.352

      Epoch    GPU_mem   box_loss   cls_loss   dfl_loss  Instances       Size
                   all        293        858      0.742      0.718      0.752      0.352

      Epoch    GPU_mem   box_loss   cls_loss   dfl_loss  Instances       Size
                   all        293        858      0.771      0.708      0.757      0.355

      Epoch    GPU_mem   box_loss   cls_loss   dfl_loss  Instances       Size
                   all        293        858      0.753      0.725      0.765      0.358

      Epoch    GPU_mem   box_loss   cls_loss   dfl_loss  Instances       Size
                   all        293        858      0.771      0.716      0.767      0.359

      Epoch    GPU_mem   box_loss   cls_loss   dfl_loss  Instances       Size
                   all        293        858       0.77      0.716      0.763      0.356

      Epoch    GPU_mem   box_loss   cls_loss   dfl_loss  Instances       Size
                   all        293        858      0.773      0.708       0.76      0.354

      Epoch    GPU_mem   box_loss   cls_loss   dfl_loss  Instances       Size
                   all        293        858      0.768      0.712      0.756      0.353

      Epoch    GPU_mem   box_loss   cls_loss   dfl_loss  Instances       Size
                   all        293        858      0.775      0.712      0.762      0.355

      Epoch    GPU_mem   box_loss   cls_loss   dfl_loss  Instances       Size
                   all        293        858      0.782      0.708       0.76      0.358

      Epoch    GPU_mem   box_loss   cls_loss   dfl_loss  Instances       Size
                   all        293        858      0.754      0.727      0.758      0.359

      Epoch    GPU_mem   box_loss   cls_loss   dfl_loss  Instances       Size
                   all        293        858      0.751      0.725      0.754      0.356
Closing dataloader mosaic

      Epoch    GPU_mem   box_loss   cls_loss   dfl_loss  Instances       Size
                   all        293        858      0.746      0.734      0.757      0.358

      Epoch    GPU_mem   box_loss   cls_loss   dfl_loss  Instances       Size
                   all        293        858      0.751       0.73      0.757      0.358

      Epoch    GPU_mem   box_loss   cls_loss   dfl_loss  Instances       Size
                   all        293        858      0.753      0.735      0.763      0.359

      Epoch    GPU_mem   box_loss   cls_loss   dfl_loss  Instances       Size
                   all        293        858      0.759      0.724       0.76      0.357

      Epoch    GPU_mem   box_loss   cls_loss   dfl_loss  Instances       Size
                   all        293        858      0.756      0.723      0.757      0.356

      Epoch    GPU_mem   box_loss   cls_loss   dfl_loss  Instances       Size
                   all        293        858      0.752       0.73      0.756      0.356

      Epoch    GPU_mem   box_loss   cls_loss   dfl_loss  Instances       Size
                   all        293        858      0.767      0.719      0.759      0.357

      Epoch    GPU_mem   box_loss   cls_loss   dfl_loss  Instances       Size
                   all        293        858      0.768      0.724      0.764      0.357

      Epoch    GPU_mem   box_loss   cls_loss   dfl_loss  Instances       Size
                   all        293        858      0.769      0.725      0.762      0.358

      Epoch    GPU_mem   box_loss   cls_loss   dfl_loss  Instances       Size
                   all        293        858       0.77      0.725      0.762      0.357

100 epochs completed in 4.008 hours.
Optimizer stripped from /data2/ccu6/yolo/ultralytics/runs/detect/nwpuv12t70/weights/last.pt, 40.8MB
Optimizer stripped from /data2/ccu6/yolo/ultralytics/runs/detect/nwpuv12t70/weights/best.pt, 40.8MB

Validating /data2/ccu6/yolo/ultralytics/runs/detect/nwpuv12t70/weights/best.pt...
Ultralytics 8.3.170 🚀 Python-3.10.18 torch-2.6.0+cu126 CUDA:2 (NVIDIA TITAN RTX, 24026MiB)
YOLO12m summary (fused): 169 layers, 20,113,393 parameters, 0 gradients, 67.2 GFLOPs
                   all        293        858      0.726      0.766       0.78      0.369
              airplane         57        152      0.989          1      0.995      0.572
                  ship         31         65      0.576      0.754      0.679      0.197
           storagetank         14        126      0.851      0.542      0.789      0.227
              baseball         60         92      0.966      0.957      0.971      0.595
           tenniscourt         28        115      0.785      0.792      0.857       0.42
            basketball         23         41      0.929      0.927      0.979      0.658
      groundtrackfield         40         40       0.82        0.9      0.844      0.242
                harbor         10         39      0.752      0.949       0.93      0.469
                bridge         34         44          0          0    0.00268    0.00046
               vehicle         41        144      0.591       0.84      0.754      0.308
Speed: 0.2ms preprocess, 5.3ms inference, 0.0ms loss, 1.8ms postprocess per image
Results saved to [1m/data2/ccu6/yolo/ultralytics/runs/detect/nwpuv12t70[0m
